<?xml version="1.0" encoding="UTF-8"?>
<testng-results ignored="0" total="15" passed="15" failed="0" skipped="0">
  <reporter-output>
  </reporter-output>
  <suite started-at="2025-11-01T07:45:37 GMT" name="flight-booking-suite" finished-at="2025-11-01T07:46:14 GMT" duration-ms="37579">
    <groups>
    </groups>
    <test started-at="2025-11-01T07:45:37 GMT" name="flight-booking-test-1 passanger-john" finished-at="2025-11-01T07:46:00 GMT" duration-ms="23228">
      <class name="com.test.flightreserve.BookFlightTicket">
        <test-method is-config="true" signature="setDriver(org.testng.ITestContext)[pri:0, instance:com.test.flightreserve.BookFlightTicket@727eb8cb]" started-at="2025-11-01T07:45:37 GMT" name="setDriver" finished-at="2025-11-01T07:45:43 GMT" duration-ms="6540" status="PASS">
          <params>
            <param index="0">
              <value>
                <![CDATA[org.testng.TestRunner@740d2e78]]>
              </value>
            </param>
          </params>
          <reporter-output>
          </reporter-output>
        </test-method> <!-- setDriver -->
        <test-method is-config="true" signature="initPagesDriver(java.lang.String)[pri:0, instance:com.test.flightreserve.BookFlightTicket@727eb8cb]" started-at="2025-11-01T07:45:43 GMT" name="initPagesDriver" finished-at="2025-11-01T07:45:44 GMT" duration-ms="390" status="PASS">
          <params>
            <param index="0">
              <value>
                <![CDATA[test-data/book-application-data/john.json]]>
              </value>
            </param>
          </params>
          <reporter-output>
          </reporter-output>
        </test-method> <!-- initPagesDriver -->
        <test-method signature="registrationPage()[pri:0, instance:com.test.flightreserve.BookFlightTicket@727eb8cb]" started-at="2025-11-01T07:45:44 GMT" name="registrationPage" finished-at="2025-11-01T07:45:48 GMT" duration-ms="3728" status="PASS">
          <reporter-output>
          </reporter-output>
        </test-method> <!-- registrationPage -->
        <test-method is-config="true" signature="waitForTestMethods()[pri:0, instance:com.test.flightreserve.BookFlightTicket@727eb8cb]" started-at="2025-11-01T07:45:48 GMT" name="waitForTestMethods" finished-at="2025-11-01T07:45:50 GMT" duration-ms="2003" status="PASS">
          <reporter-output>
          </reporter-output>
        </test-method> <!-- waitForTestMethods -->
        <test-method signature="registrationPageConformation()[pri:0, instance:com.test.flightreserve.BookFlightTicket@727eb8cb]" started-at="2025-11-01T07:45:50 GMT" name="registrationPageConformation" finished-at="2025-11-01T07:45:50 GMT" depends-on-methods="com.test.flightreserve.BookFlightTicket.registrationPage" duration-ms="224" status="PASS">
          <reporter-output>
          </reporter-output>
        </test-method> <!-- registrationPageConformation -->
        <test-method is-config="true" signature="waitForTestMethods()[pri:0, instance:com.test.flightreserve.BookFlightTicket@727eb8cb]" started-at="2025-11-01T07:45:50 GMT" name="waitForTestMethods" finished-at="2025-11-01T07:45:52 GMT" duration-ms="2002" status="PASS">
          <reporter-output>
          </reporter-output>
        </test-method> <!-- waitForTestMethods -->
        <test-method signature="flightSearch()[pri:0, instance:com.test.flightreserve.BookFlightTicket@727eb8cb]" started-at="2025-11-01T07:45:52 GMT" name="flightSearch" finished-at="2025-11-01T07:45:53 GMT" depends-on-methods="com.test.flightreserve.BookFlightTicket.registrationPageConformation" duration-ms="1234" status="PASS">
          <reporter-output>
          </reporter-output>
        </test-method> <!-- flightSearch -->
        <test-method is-config="true" signature="waitForTestMethods()[pri:0, instance:com.test.flightreserve.BookFlightTicket@727eb8cb]" started-at="2025-11-01T07:45:53 GMT" name="waitForTestMethods" finished-at="2025-11-01T07:45:55 GMT" duration-ms="2001" status="PASS">
          <reporter-output>
          </reporter-output>
        </test-method> <!-- waitForTestMethods -->
        <test-method signature="flightSelect()[pri:0, instance:com.test.flightreserve.BookFlightTicket@727eb8cb]" started-at="2025-11-01T07:45:55 GMT" name="flightSelect" finished-at="2025-11-01T07:45:55 GMT" depends-on-methods="com.test.flightreserve.BookFlightTicket.flightSearch" duration-ms="413" status="PASS">
          <reporter-output>
          </reporter-output>
        </test-method> <!-- flightSelect -->
        <test-method is-config="true" signature="waitForTestMethods()[pri:0, instance:com.test.flightreserve.BookFlightTicket@727eb8cb]" started-at="2025-11-01T07:45:55 GMT" name="waitForTestMethods" finished-at="2025-11-01T07:45:57 GMT" duration-ms="2000" status="PASS">
          <reporter-output>
          </reporter-output>
        </test-method> <!-- waitForTestMethods -->
        <test-method signature="flightConformation()[pri:0, instance:com.test.flightreserve.BookFlightTicket@727eb8cb]" started-at="2025-11-01T07:45:57 GMT" name="flightConformation" finished-at="2025-11-01T07:45:58 GMT" depends-on-methods="com.test.flightreserve.BookFlightTicket.flightSelect" duration-ms="508" status="PASS">
          <reporter-output>
          </reporter-output>
        </test-method> <!-- flightConformation -->
        <test-method is-config="true" signature="waitForTestMethods()[pri:0, instance:com.test.flightreserve.BookFlightTicket@727eb8cb]" started-at="2025-11-01T07:45:58 GMT" name="waitForTestMethods" finished-at="2025-11-01T07:46:00 GMT" duration-ms="2002" status="PASS">
          <reporter-output>
          </reporter-output>
        </test-method> <!-- waitForTestMethods -->
        <test-method is-config="true" signature="quitBrowsers()[pri:0, instance:com.test.flightreserve.BookFlightTicket@727eb8cb]" started-at="2025-11-01T07:46:00 GMT" name="quitBrowsers" finished-at="2025-11-01T07:46:00 GMT" duration-ms="105" status="PASS">
          <reporter-output>
          </reporter-output>
        </test-method> <!-- quitBrowsers -->
      </class> <!-- com.test.flightreserve.BookFlightTicket -->
    </test> <!-- flight-booking-test-1 passanger-john -->
    <test started-at="2025-11-01T07:45:37 GMT" name="flight-booking-test-2 passanger-mike" finished-at="2025-11-01T07:46:02 GMT" duration-ms="24909">
      <class name="com.test.flightreserve.BookFlightTicket">
        <test-method is-config="true" signature="setDriver(org.testng.ITestContext)[pri:0, instance:com.test.flightreserve.BookFlightTicket@8e50104]" started-at="2025-11-01T07:45:37 GMT" name="setDriver" finished-at="2025-11-01T07:45:43 GMT" duration-ms="6591" status="PASS">
          <params>
            <param index="0">
              <value>
                <![CDATA[org.testng.TestRunner@1c481ff2]]>
              </value>
            </param>
          </params>
          <reporter-output>
          </reporter-output>
        </test-method> <!-- setDriver -->
        <test-method is-config="true" signature="initPagesDriver(java.lang.String)[pri:0, instance:com.test.flightreserve.BookFlightTicket@8e50104]" started-at="2025-11-01T07:45:43 GMT" name="initPagesDriver" finished-at="2025-11-01T07:45:44 GMT" duration-ms="384" status="PASS">
          <params>
            <param index="0">
              <value>
                <![CDATA[test-data/book-application-data/mike.json]]>
              </value>
            </param>
          </params>
          <reporter-output>
          </reporter-output>
        </test-method> <!-- initPagesDriver -->
        <test-method signature="registrationPage()[pri:0, instance:com.test.flightreserve.BookFlightTicket@8e50104]" started-at="2025-11-01T07:45:44 GMT" name="registrationPage" finished-at="2025-11-01T07:45:48 GMT" duration-ms="4046" status="PASS">
          <reporter-output>
          </reporter-output>
        </test-method> <!-- registrationPage -->
        <test-method is-config="true" signature="waitForTestMethods()[pri:0, instance:com.test.flightreserve.BookFlightTicket@8e50104]" started-at="2025-11-01T07:45:48 GMT" name="waitForTestMethods" finished-at="2025-11-01T07:45:50 GMT" duration-ms="2001" status="PASS">
          <reporter-output>
          </reporter-output>
        </test-method> <!-- waitForTestMethods -->
        <test-method signature="registrationPageConformation()[pri:0, instance:com.test.flightreserve.BookFlightTicket@8e50104]" started-at="2025-11-01T07:45:50 GMT" name="registrationPageConformation" finished-at="2025-11-01T07:45:51 GMT" depends-on-methods="com.test.flightreserve.BookFlightTicket.registrationPage" duration-ms="1305" status="PASS">
          <reporter-output>
          </reporter-output>
        </test-method> <!-- registrationPageConformation -->
        <test-method is-config="true" signature="waitForTestMethods()[pri:0, instance:com.test.flightreserve.BookFlightTicket@8e50104]" started-at="2025-11-01T07:45:51 GMT" name="waitForTestMethods" finished-at="2025-11-01T07:45:53 GMT" duration-ms="2001" status="PASS">
          <reporter-output>
          </reporter-output>
        </test-method> <!-- waitForTestMethods -->
        <test-method signature="flightSearch()[pri:0, instance:com.test.flightreserve.BookFlightTicket@8e50104]" started-at="2025-11-01T07:45:53 GMT" name="flightSearch" finished-at="2025-11-01T07:45:55 GMT" depends-on-methods="com.test.flightreserve.BookFlightTicket.registrationPageConformation" duration-ms="1595" status="PASS">
          <reporter-output>
          </reporter-output>
        </test-method> <!-- flightSearch -->
        <test-method is-config="true" signature="waitForTestMethods()[pri:0, instance:com.test.flightreserve.BookFlightTicket@8e50104]" started-at="2025-11-01T07:45:55 GMT" name="waitForTestMethods" finished-at="2025-11-01T07:45:57 GMT" duration-ms="2000" status="PASS">
          <reporter-output>
          </reporter-output>
        </test-method> <!-- waitForTestMethods -->
        <test-method signature="flightSelect()[pri:0, instance:com.test.flightreserve.BookFlightTicket@8e50104]" started-at="2025-11-01T07:45:57 GMT" name="flightSelect" finished-at="2025-11-01T07:45:57 GMT" depends-on-methods="com.test.flightreserve.BookFlightTicket.flightSearch" duration-ms="564" status="PASS">
          <reporter-output>
          </reporter-output>
        </test-method> <!-- flightSelect -->
        <test-method is-config="true" signature="waitForTestMethods()[pri:0, instance:com.test.flightreserve.BookFlightTicket@8e50104]" started-at="2025-11-01T07:45:57 GMT" name="waitForTestMethods" finished-at="2025-11-01T07:45:59 GMT" duration-ms="2001" status="PASS">
          <reporter-output>
          </reporter-output>
        </test-method> <!-- waitForTestMethods -->
        <test-method signature="flightConformation()[pri:0, instance:com.test.flightreserve.BookFlightTicket@8e50104]" started-at="2025-11-01T07:45:59 GMT" name="flightConformation" finished-at="2025-11-01T07:46:00 GMT" depends-on-methods="com.test.flightreserve.BookFlightTicket.flightSelect" duration-ms="275" status="PASS">
          <reporter-output>
          </reporter-output>
        </test-method> <!-- flightConformation -->
        <test-method is-config="true" signature="waitForTestMethods()[pri:0, instance:com.test.flightreserve.BookFlightTicket@8e50104]" started-at="2025-11-01T07:46:00 GMT" name="waitForTestMethods" finished-at="2025-11-01T07:46:02 GMT" duration-ms="2000" status="PASS">
          <reporter-output>
          </reporter-output>
        </test-method> <!-- waitForTestMethods -->
        <test-method is-config="true" signature="quitBrowsers()[pri:0, instance:com.test.flightreserve.BookFlightTicket@8e50104]" started-at="2025-11-01T07:46:02 GMT" name="quitBrowsers" finished-at="2025-11-01T07:46:02 GMT" duration-ms="104" status="PASS">
          <reporter-output>
          </reporter-output>
        </test-method> <!-- quitBrowsers -->
      </class> <!-- com.test.flightreserve.BookFlightTicket -->
    </test> <!-- flight-booking-test-2 passanger-mike -->
    <test started-at="2025-11-01T07:45:37 GMT" name="flight-booking-test-3 passanger-sam" finished-at="2025-11-01T07:46:14 GMT" duration-ms="37577">
      <class name="com.test.flightreserve.BookFlightTicket">
        <test-method is-config="true" signature="configInit()[pri:0, instance:com.test.flightreserve.BookFlightTicket@6f7923a5]" started-at="2025-11-01T07:45:37 GMT" name="configInit" finished-at="2025-11-01T07:45:37 GMT" duration-ms="182" status="PASS">
          <reporter-output>
          </reporter-output>
        </test-method> <!-- configInit -->
        <test-method is-config="true" signature="setDriver(org.testng.ITestContext)[pri:0, instance:com.test.flightreserve.BookFlightTicket@6f7923a5]" started-at="2025-11-01T07:45:37 GMT" name="setDriver" finished-at="2025-11-01T07:46:01 GMT" duration-ms="24345" status="PASS">
          <params>
            <param index="0">
              <value>
                <![CDATA[org.testng.TestRunner@72437d8d]]>
              </value>
            </param>
          </params>
          <reporter-output>
          </reporter-output>
        </test-method> <!-- setDriver -->
        <test-method is-config="true" signature="initPagesDriver(java.lang.String)[pri:0, instance:com.test.flightreserve.BookFlightTicket@6f7923a5]" started-at="2025-11-01T07:46:01 GMT" name="initPagesDriver" finished-at="2025-11-01T07:46:01 GMT" duration-ms="6" status="PASS">
          <params>
            <param index="0">
              <value>
                <![CDATA[test-data/book-application-data/sam.json]]>
              </value>
            </param>
          </params>
          <reporter-output>
          </reporter-output>
        </test-method> <!-- initPagesDriver -->
        <test-method signature="registrationPage()[pri:0, instance:com.test.flightreserve.BookFlightTicket@6f7923a5]" started-at="2025-11-01T07:46:01 GMT" name="registrationPage" finished-at="2025-11-01T07:46:03 GMT" duration-ms="1563" status="PASS">
          <reporter-output>
          </reporter-output>
        </test-method> <!-- registrationPage -->
        <test-method is-config="true" signature="waitForTestMethods()[pri:0, instance:com.test.flightreserve.BookFlightTicket@6f7923a5]" started-at="2025-11-01T07:46:03 GMT" name="waitForTestMethods" finished-at="2025-11-01T07:46:05 GMT" duration-ms="2000" status="PASS">
          <reporter-output>
          </reporter-output>
        </test-method> <!-- waitForTestMethods -->
        <test-method signature="registrationPageConformation()[pri:0, instance:com.test.flightreserve.BookFlightTicket@6f7923a5]" started-at="2025-11-01T07:46:05 GMT" name="registrationPageConformation" finished-at="2025-11-01T07:46:05 GMT" depends-on-methods="com.test.flightreserve.BookFlightTicket.registrationPage" duration-ms="139" status="PASS">
          <reporter-output>
          </reporter-output>
        </test-method> <!-- registrationPageConformation -->
        <test-method is-config="true" signature="waitForTestMethods()[pri:0, instance:com.test.flightreserve.BookFlightTicket@6f7923a5]" started-at="2025-11-01T07:46:05 GMT" name="waitForTestMethods" finished-at="2025-11-01T07:46:07 GMT" duration-ms="2001" status="PASS">
          <reporter-output>
          </reporter-output>
        </test-method> <!-- waitForTestMethods -->
        <test-method signature="flightSearch()[pri:0, instance:com.test.flightreserve.BookFlightTicket@6f7923a5]" started-at="2025-11-01T07:46:07 GMT" name="flightSearch" finished-at="2025-11-01T07:46:08 GMT" depends-on-methods="com.test.flightreserve.BookFlightTicket.registrationPageConformation" duration-ms="807" status="PASS">
          <reporter-output>
          </reporter-output>
        </test-method> <!-- flightSearch -->
        <test-method is-config="true" signature="waitForTestMethods()[pri:0, instance:com.test.flightreserve.BookFlightTicket@6f7923a5]" started-at="2025-11-01T07:46:08 GMT" name="waitForTestMethods" finished-at="2025-11-01T07:46:10 GMT" duration-ms="2001" status="PASS">
          <reporter-output>
          </reporter-output>
        </test-method> <!-- waitForTestMethods -->
        <test-method signature="flightSelect()[pri:0, instance:com.test.flightreserve.BookFlightTicket@6f7923a5]" started-at="2025-11-01T07:46:10 GMT" name="flightSelect" finished-at="2025-11-01T07:46:10 GMT" depends-on-methods="com.test.flightreserve.BookFlightTicket.flightSearch" duration-ms="341" status="PASS">
          <reporter-output>
          </reporter-output>
        </test-method> <!-- flightSelect -->
        <test-method is-config="true" signature="waitForTestMethods()[pri:0, instance:com.test.flightreserve.BookFlightTicket@6f7923a5]" started-at="2025-11-01T07:46:10 GMT" name="waitForTestMethods" finished-at="2025-11-01T07:46:12 GMT" duration-ms="2000" status="PASS">
          <reporter-output>
          </reporter-output>
        </test-method> <!-- waitForTestMethods -->
        <test-method signature="flightConformation()[pri:0, instance:com.test.flightreserve.BookFlightTicket@6f7923a5]" started-at="2025-11-01T07:46:12 GMT" name="flightConformation" finished-at="2025-11-01T07:46:12 GMT" depends-on-methods="com.test.flightreserve.BookFlightTicket.flightSelect" duration-ms="268" status="PASS">
          <reporter-output>
          </reporter-output>
        </test-method> <!-- flightConformation -->
        <test-method is-config="true" signature="waitForTestMethods()[pri:0, instance:com.test.flightreserve.BookFlightTicket@6f7923a5]" started-at="2025-11-01T07:46:12 GMT" name="waitForTestMethods" finished-at="2025-11-01T07:46:14 GMT" duration-ms="2001" status="PASS">
          <reporter-output>
          </reporter-output>
        </test-method> <!-- waitForTestMethods -->
        <test-method is-config="true" signature="quitBrowsers()[pri:0, instance:com.test.flightreserve.BookFlightTicket@6f7923a5]" started-at="2025-11-01T07:46:14 GMT" name="quitBrowsers" finished-at="2025-11-01T07:46:14 GMT" duration-ms="83" status="PASS">
          <reporter-output>
          </reporter-output>
        </test-method> <!-- quitBrowsers -->
      </class> <!-- com.test.flightreserve.BookFlightTicket -->
    </test> <!-- flight-booking-test-3 passanger-sam -->
  </suite> <!-- flight-booking-suite -->
</testng-results>
