<?xml version="1.0" encoding="UTF-8"?>
<testng-results ignored="0" total="15" passed="15" failed="0" skipped="0">
  <reporter-output>
  </reporter-output>
  <suite started-at="2025-10-29T14:05:17 GMT" name="flight-booking-suite" finished-at="2025-10-29T14:06:06 GMT" duration-ms="48459">
    <groups>
    </groups>
    <test started-at="2025-10-29T14:05:17 GMT" name="flight-booking-test-1 passanger-john" finished-at="2025-10-29T14:05:36 GMT" duration-ms="18109">
      <class name="com.test.flightreserve.BookFlightTicket">
        <test-method is-config="true" signature="setDriver(org.testng.ITestContext)[pri:0, instance:com.test.flightreserve.BookFlightTicket@727eb8cb]" started-at="2025-10-29T14:05:17 GMT" name="setDriver" finished-at="2025-10-29T14:05:20 GMT" duration-ms="2984" status="PASS">
          <params>
            <param index="0">
              <value>
                <![CDATA[org.testng.TestRunner@72437d8d]]>
              </value>
            </param>
          </params>
          <reporter-output>
          </reporter-output>
        </test-method> <!-- setDriver -->
        <test-method is-config="true" signature="initPagesDriver(java.lang.String)[pri:0, instance:com.test.flightreserve.BookFlightTicket@727eb8cb]" started-at="2025-10-29T14:05:21 GMT" name="initPagesDriver" finished-at="2025-10-29T14:05:21 GMT" duration-ms="335" status="PASS">
          <params>
            <param index="0">
              <value>
                <![CDATA[test-data/book-application-data/john.json]]>
              </value>
            </param>
          </params>
          <reporter-output>
          </reporter-output>
        </test-method> <!-- initPagesDriver -->
        <test-method signature="registrationPage()[pri:0, instance:com.test.flightreserve.BookFlightTicket@727eb8cb]" started-at="2025-10-29T14:05:21 GMT" name="registrationPage" finished-at="2025-10-29T14:05:24 GMT" duration-ms="3218" status="PASS">
          <reporter-output>
          </reporter-output>
        </test-method> <!-- registrationPage -->
        <test-method is-config="true" signature="waitForTestMethods()[pri:0, instance:com.test.flightreserve.BookFlightTicket@727eb8cb]" started-at="2025-10-29T14:05:24 GMT" name="waitForTestMethods" finished-at="2025-10-29T14:05:26 GMT" duration-ms="2001" status="PASS">
          <reporter-output>
          </reporter-output>
        </test-method> <!-- waitForTestMethods -->
        <test-method signature="registrationPageConformation()[pri:0, instance:com.test.flightreserve.BookFlightTicket@727eb8cb]" started-at="2025-10-29T14:05:26 GMT" name="registrationPageConformation" finished-at="2025-10-29T14:05:26 GMT" depends-on-methods="com.test.flightreserve.BookFlightTicket.registrationPage" duration-ms="151" status="PASS">
          <reporter-output>
          </reporter-output>
        </test-method> <!-- registrationPageConformation -->
        <test-method is-config="true" signature="waitForTestMethods()[pri:0, instance:com.test.flightreserve.BookFlightTicket@727eb8cb]" started-at="2025-10-29T14:05:26 GMT" name="waitForTestMethods" finished-at="2025-10-29T14:05:28 GMT" duration-ms="2001" status="PASS">
          <reporter-output>
          </reporter-output>
        </test-method> <!-- waitForTestMethods -->
        <test-method signature="flightSearch()[pri:0, instance:com.test.flightreserve.BookFlightTicket@727eb8cb]" started-at="2025-10-29T14:05:28 GMT" name="flightSearch" finished-at="2025-10-29T14:05:29 GMT" depends-on-methods="com.test.flightreserve.BookFlightTicket.registrationPageConformation" duration-ms="842" status="PASS">
          <reporter-output>
          </reporter-output>
        </test-method> <!-- flightSearch -->
        <test-method is-config="true" signature="waitForTestMethods()[pri:0, instance:com.test.flightreserve.BookFlightTicket@727eb8cb]" started-at="2025-10-29T14:05:29 GMT" name="waitForTestMethods" finished-at="2025-10-29T14:05:31 GMT" duration-ms="2001" status="PASS">
          <reporter-output>
          </reporter-output>
        </test-method> <!-- waitForTestMethods -->
        <test-method signature="flightSelect()[pri:0, instance:com.test.flightreserve.BookFlightTicket@727eb8cb]" started-at="2025-10-29T14:05:31 GMT" name="flightSelect" finished-at="2025-10-29T14:05:31 GMT" depends-on-methods="com.test.flightreserve.BookFlightTicket.flightSearch" duration-ms="247" status="PASS">
          <reporter-output>
          </reporter-output>
        </test-method> <!-- flightSelect -->
        <test-method is-config="true" signature="waitForTestMethods()[pri:0, instance:com.test.flightreserve.BookFlightTicket@727eb8cb]" started-at="2025-10-29T14:05:31 GMT" name="waitForTestMethods" finished-at="2025-10-29T14:05:33 GMT" duration-ms="2001" status="PASS">
          <reporter-output>
          </reporter-output>
        </test-method> <!-- waitForTestMethods -->
        <test-method signature="flightConformation()[pri:0, instance:com.test.flightreserve.BookFlightTicket@727eb8cb]" started-at="2025-10-29T14:05:33 GMT" name="flightConformation" finished-at="2025-10-29T14:05:34 GMT" depends-on-methods="com.test.flightreserve.BookFlightTicket.flightSelect" duration-ms="187" status="PASS">
          <reporter-output>
          </reporter-output>
        </test-method> <!-- flightConformation -->
        <test-method is-config="true" signature="waitForTestMethods()[pri:0, instance:com.test.flightreserve.BookFlightTicket@727eb8cb]" started-at="2025-10-29T14:05:34 GMT" name="waitForTestMethods" finished-at="2025-10-29T14:05:36 GMT" duration-ms="2001" status="PASS">
          <reporter-output>
          </reporter-output>
        </test-method> <!-- waitForTestMethods -->
        <test-method is-config="true" signature="quitBrowsers()[pri:0, instance:com.test.flightreserve.BookFlightTicket@727eb8cb]" started-at="2025-10-29T14:05:36 GMT" name="quitBrowsers" finished-at="2025-10-29T14:05:36 GMT" duration-ms="87" status="PASS">
          <reporter-output>
          </reporter-output>
        </test-method> <!-- quitBrowsers -->
      </class> <!-- com.test.flightreserve.BookFlightTicket -->
    </test> <!-- flight-booking-test-1 passanger-john -->
    <test started-at="2025-10-29T14:05:17 GMT" name="flight-booking-test-3 passanger-sam" finished-at="2025-10-29T14:05:53 GMT" duration-ms="35473">
      <class name="com.test.flightreserve.BookFlightTicket">
        <test-method is-config="true" signature="configInit()[pri:0, instance:com.test.flightreserve.BookFlightTicket@6f7923a5]" started-at="2025-10-29T14:05:17 GMT" name="configInit" finished-at="2025-10-29T14:05:17 GMT" duration-ms="32" status="PASS">
          <reporter-output>
          </reporter-output>
        </test-method> <!-- configInit -->
        <test-method is-config="true" signature="setDriver(org.testng.ITestContext)[pri:0, instance:com.test.flightreserve.BookFlightTicket@6f7923a5]" started-at="2025-10-29T14:05:17 GMT" name="setDriver" finished-at="2025-10-29T14:05:40 GMT" duration-ms="22518" status="PASS">
          <params>
            <param index="0">
              <value>
                <![CDATA[org.testng.TestRunner@740d2e78]]>
              </value>
            </param>
          </params>
          <reporter-output>
          </reporter-output>
        </test-method> <!-- setDriver -->
        <test-method is-config="true" signature="initPagesDriver(java.lang.String)[pri:0, instance:com.test.flightreserve.BookFlightTicket@6f7923a5]" started-at="2025-10-29T14:05:40 GMT" name="initPagesDriver" finished-at="2025-10-29T14:05:40 GMT" duration-ms="5" status="PASS">
          <params>
            <param index="0">
              <value>
                <![CDATA[test-data/book-application-data/sam.json]]>
              </value>
            </param>
          </params>
          <reporter-output>
          </reporter-output>
        </test-method> <!-- initPagesDriver -->
        <test-method signature="registrationPage()[pri:0, instance:com.test.flightreserve.BookFlightTicket@6f7923a5]" started-at="2025-10-29T14:05:40 GMT" name="registrationPage" finished-at="2025-10-29T14:05:41 GMT" duration-ms="1240" status="PASS">
          <reporter-output>
          </reporter-output>
        </test-method> <!-- registrationPage -->
        <test-method is-config="true" signature="waitForTestMethods()[pri:0, instance:com.test.flightreserve.BookFlightTicket@6f7923a5]" started-at="2025-10-29T14:05:41 GMT" name="waitForTestMethods" finished-at="2025-10-29T14:05:43 GMT" duration-ms="2000" status="PASS">
          <reporter-output>
          </reporter-output>
        </test-method> <!-- waitForTestMethods -->
        <test-method signature="registrationPageConformation()[pri:0, instance:com.test.flightreserve.BookFlightTicket@6f7923a5]" started-at="2025-10-29T14:05:43 GMT" name="registrationPageConformation" finished-at="2025-10-29T14:05:43 GMT" depends-on-methods="com.test.flightreserve.BookFlightTicket.registrationPage" duration-ms="116" status="PASS">
          <reporter-output>
          </reporter-output>
        </test-method> <!-- registrationPageConformation -->
        <test-method is-config="true" signature="waitForTestMethods()[pri:0, instance:com.test.flightreserve.BookFlightTicket@6f7923a5]" started-at="2025-10-29T14:05:43 GMT" name="waitForTestMethods" finished-at="2025-10-29T14:05:45 GMT" duration-ms="2000" status="PASS">
          <reporter-output>
          </reporter-output>
        </test-method> <!-- waitForTestMethods -->
        <test-method signature="flightSearch()[pri:0, instance:com.test.flightreserve.BookFlightTicket@6f7923a5]" started-at="2025-10-29T14:05:45 GMT" name="flightSearch" finished-at="2025-10-29T14:05:46 GMT" depends-on-methods="com.test.flightreserve.BookFlightTicket.registrationPageConformation" duration-ms="866" status="PASS">
          <reporter-output>
          </reporter-output>
        </test-method> <!-- flightSearch -->
        <test-method is-config="true" signature="waitForTestMethods()[pri:0, instance:com.test.flightreserve.BookFlightTicket@6f7923a5]" started-at="2025-10-29T14:05:46 GMT" name="waitForTestMethods" finished-at="2025-10-29T14:05:48 GMT" duration-ms="2000" status="PASS">
          <reporter-output>
          </reporter-output>
        </test-method> <!-- waitForTestMethods -->
        <test-method signature="flightSelect()[pri:0, instance:com.test.flightreserve.BookFlightTicket@6f7923a5]" started-at="2025-10-29T14:05:48 GMT" name="flightSelect" finished-at="2025-10-29T14:05:49 GMT" depends-on-methods="com.test.flightreserve.BookFlightTicket.flightSearch" duration-ms="454" status="PASS">
          <reporter-output>
          </reporter-output>
        </test-method> <!-- flightSelect -->
        <test-method is-config="true" signature="waitForTestMethods()[pri:0, instance:com.test.flightreserve.BookFlightTicket@6f7923a5]" started-at="2025-10-29T14:05:49 GMT" name="waitForTestMethods" finished-at="2025-10-29T14:05:51 GMT" duration-ms="2001" status="PASS">
          <reporter-output>
          </reporter-output>
        </test-method> <!-- waitForTestMethods -->
        <test-method signature="flightConformation()[pri:0, instance:com.test.flightreserve.BookFlightTicket@6f7923a5]" started-at="2025-10-29T14:05:51 GMT" name="flightConformation" finished-at="2025-10-29T14:05:51 GMT" depends-on-methods="com.test.flightreserve.BookFlightTicket.flightSelect" duration-ms="188" status="PASS">
          <reporter-output>
          </reporter-output>
        </test-method> <!-- flightConformation -->
        <test-method is-config="true" signature="waitForTestMethods()[pri:0, instance:com.test.flightreserve.BookFlightTicket@6f7923a5]" started-at="2025-10-29T14:05:51 GMT" name="waitForTestMethods" finished-at="2025-10-29T14:05:53 GMT" duration-ms="2000" status="PASS">
          <reporter-output>
          </reporter-output>
        </test-method> <!-- waitForTestMethods -->
        <test-method is-config="true" signature="quitBrowsers()[pri:0, instance:com.test.flightreserve.BookFlightTicket@6f7923a5]" started-at="2025-10-29T14:05:53 GMT" name="quitBrowsers" finished-at="2025-10-29T14:05:53 GMT" duration-ms="74" status="PASS">
          <reporter-output>
          </reporter-output>
        </test-method> <!-- quitBrowsers -->
      </class> <!-- com.test.flightreserve.BookFlightTicket -->
    </test> <!-- flight-booking-test-3 passanger-sam -->
    <test started-at="2025-10-29T14:05:17 GMT" name="flight-booking-test-2 passanger-mike" finished-at="2025-10-29T14:06:06 GMT" duration-ms="48459">
      <class name="com.test.flightreserve.BookFlightTicket">
        <test-method is-config="true" signature="setDriver(org.testng.ITestContext)[pri:0, instance:com.test.flightreserve.BookFlightTicket@8e50104]" started-at="2025-10-29T14:05:17 GMT" name="setDriver" finished-at="2025-10-29T14:05:54 GMT" duration-ms="36030" status="PASS">
          <params>
            <param index="0">
              <value>
                <![CDATA[org.testng.TestRunner@1c481ff2]]>
              </value>
            </param>
          </params>
          <reporter-output>
          </reporter-output>
        </test-method> <!-- setDriver -->
        <test-method is-config="true" signature="initPagesDriver(java.lang.String)[pri:0, instance:com.test.flightreserve.BookFlightTicket@8e50104]" started-at="2025-10-29T14:05:54 GMT" name="initPagesDriver" finished-at="2025-10-29T14:05:54 GMT" duration-ms="4" status="PASS">
          <params>
            <param index="0">
              <value>
                <![CDATA[test-data/book-application-data/mike.json]]>
              </value>
            </param>
          </params>
          <reporter-output>
          </reporter-output>
        </test-method> <!-- initPagesDriver -->
        <test-method signature="registrationPage()[pri:0, instance:com.test.flightreserve.BookFlightTicket@8e50104]" started-at="2025-10-29T14:05:54 GMT" name="registrationPage" finished-at="2025-10-29T14:05:55 GMT" duration-ms="1143" status="PASS">
          <reporter-output>
          </reporter-output>
        </test-method> <!-- registrationPage -->
        <test-method is-config="true" signature="waitForTestMethods()[pri:0, instance:com.test.flightreserve.BookFlightTicket@8e50104]" started-at="2025-10-29T14:05:55 GMT" name="waitForTestMethods" finished-at="2025-10-29T14:05:57 GMT" duration-ms="2000" status="PASS">
          <reporter-output>
          </reporter-output>
        </test-method> <!-- waitForTestMethods -->
        <test-method signature="registrationPageConformation()[pri:0, instance:com.test.flightreserve.BookFlightTicket@8e50104]" started-at="2025-10-29T14:05:57 GMT" name="registrationPageConformation" finished-at="2025-10-29T14:05:57 GMT" depends-on-methods="com.test.flightreserve.BookFlightTicket.registrationPage" duration-ms="162" status="PASS">
          <reporter-output>
          </reporter-output>
        </test-method> <!-- registrationPageConformation -->
        <test-method is-config="true" signature="waitForTestMethods()[pri:0, instance:com.test.flightreserve.BookFlightTicket@8e50104]" started-at="2025-10-29T14:05:57 GMT" name="waitForTestMethods" finished-at="2025-10-29T14:05:59 GMT" duration-ms="2001" status="PASS">
          <reporter-output>
          </reporter-output>
        </test-method> <!-- waitForTestMethods -->
        <test-method signature="flightSearch()[pri:0, instance:com.test.flightreserve.BookFlightTicket@8e50104]" started-at="2025-10-29T14:05:59 GMT" name="flightSearch" finished-at="2025-10-29T14:06:00 GMT" depends-on-methods="com.test.flightreserve.BookFlightTicket.registrationPageConformation" duration-ms="661" status="PASS">
          <reporter-output>
          </reporter-output>
        </test-method> <!-- flightSearch -->
        <test-method is-config="true" signature="waitForTestMethods()[pri:0, instance:com.test.flightreserve.BookFlightTicket@8e50104]" started-at="2025-10-29T14:06:00 GMT" name="waitForTestMethods" finished-at="2025-10-29T14:06:02 GMT" duration-ms="2000" status="PASS">
          <reporter-output>
          </reporter-output>
        </test-method> <!-- waitForTestMethods -->
        <test-method signature="flightSelect()[pri:0, instance:com.test.flightreserve.BookFlightTicket@8e50104]" started-at="2025-10-29T14:06:02 GMT" name="flightSelect" finished-at="2025-10-29T14:06:02 GMT" depends-on-methods="com.test.flightreserve.BookFlightTicket.flightSearch" duration-ms="232" status="PASS">
          <reporter-output>
          </reporter-output>
        </test-method> <!-- flightSelect -->
        <test-method is-config="true" signature="waitForTestMethods()[pri:0, instance:com.test.flightreserve.BookFlightTicket@8e50104]" started-at="2025-10-29T14:06:02 GMT" name="waitForTestMethods" finished-at="2025-10-29T14:06:04 GMT" duration-ms="2000" status="PASS">
          <reporter-output>
          </reporter-output>
        </test-method> <!-- waitForTestMethods -->
        <test-method signature="flightConformation()[pri:0, instance:com.test.flightreserve.BookFlightTicket@8e50104]" started-at="2025-10-29T14:06:04 GMT" name="flightConformation" finished-at="2025-10-29T14:06:04 GMT" depends-on-methods="com.test.flightreserve.BookFlightTicket.flightSelect" duration-ms="136" status="PASS">
          <reporter-output>
          </reporter-output>
        </test-method> <!-- flightConformation -->
        <test-method is-config="true" signature="waitForTestMethods()[pri:0, instance:com.test.flightreserve.BookFlightTicket@8e50104]" started-at="2025-10-29T14:06:04 GMT" name="waitForTestMethods" finished-at="2025-10-29T14:06:06 GMT" duration-ms="2000" status="PASS">
          <reporter-output>
          </reporter-output>
        </test-method> <!-- waitForTestMethods -->
        <test-method is-config="true" signature="quitBrowsers()[pri:0, instance:com.test.flightreserve.BookFlightTicket@8e50104]" started-at="2025-10-29T14:06:06 GMT" name="quitBrowsers" finished-at="2025-10-29T14:06:06 GMT" duration-ms="73" status="PASS">
          <reporter-output>
          </reporter-output>
        </test-method> <!-- quitBrowsers -->
      </class> <!-- com.test.flightreserve.BookFlightTicket -->
    </test> <!-- flight-booking-test-2 passanger-mike -->
  </suite> <!-- flight-booking-suite -->
</testng-results>
