<?xml version="1.0" encoding="UTF-8"?>
<!-- Generated by org.testng.reporters.JUnitXMLReporter -->
<testsuite ignored="0" hostname="f28424fe02c2" failures="0" tests="4" name="vendor-portal test-mike" time="43.398" errors="0" timestamp="2025-10-29T14:06:01 GMT">
  <testcase classname="com.test.vendorapplication.VendorApplicationTest" name="loginPage" time="0.552"/>
  <testcase classname="com.test.vendorapplication.VendorApplicationTest" name="checkDashboardWidgets" time="0.921"/>
  <testcase classname="com.test.vendorapplication.VendorApplicationTest" name="checkDashboardTable" time="0.324"/>
  <testcase classname="com.test.vendorapplication.VendorApplicationTest" name="logOutSession" time="2.217"/>
</testsuite> <!-- vendor-portal test-mike -->
