<?xml version="1.0" encoding="UTF-8"?>
<!-- Generated by org.testng.reporters.JUnitXMLReporter -->
<testsuite ignored="0" hostname="f28424fe02c2" failures="0" tests="4" name="vendor-portal test-sam" time="21.541" errors="0" timestamp="2025-10-29T14:05:39 GMT">
  <testcase classname="com.test.vendorapplication.VendorApplicationTest" name="loginPage" time="2.571"/>
  <testcase classname="com.test.vendorapplication.VendorApplicationTest" name="checkDashboardWidgets" time="0.484"/>
  <testcase classname="com.test.vendorapplication.VendorApplicationTest" name="checkDashboardTable" time="0.283"/>
  <testcase classname="com.test.vendorapplication.VendorApplicationTest" name="logOutSession" time="6.787"/>
</testsuite> <!-- vendor-portal test-sam -->
