<?xml version="1.0" encoding="UTF-8"?>
<!-- Generated by org.testng.reporters.JUnitXMLReporter -->
<testsuite ignored="0" hostname="f28424fe02c2" failures="0" tests="4" name="vendor-portal test-john" time="30.613" errors="0" timestamp="2025-10-29T14:05:48 GMT">
  <testcase classname="com.test.vendorapplication.VendorApplicationTest" name="loginPage" time="0.848"/>
  <testcase classname="com.test.vendorapplication.VendorApplicationTest" name="checkDashboardWidgets" time="0.809"/>
  <testcase classname="com.test.vendorapplication.VendorApplicationTest" name="checkDashboardTable" time="0.231"/>
  <testcase classname="com.test.vendorapplication.VendorApplicationTest" name="logOutSession" time="1.714"/>
</testsuite> <!-- vendor-portal test-john -->
