<?xml version="1.0" encoding="UTF-8"?>
<testng-results ignored="0" total="12" passed="12" failed="0" skipped="0">
  <reporter-output>
  </reporter-output>
  <suite started-at="2025-11-01T07:45:37 GMT" name="vendor-application-suite" finished-at="2025-11-01T07:46:11 GMT" duration-ms="33794">
    <groups>
    </groups>
    <test started-at="2025-11-01T07:45:37 GMT" name="vendor-portal test-sam" finished-at="2025-11-01T07:45:57 GMT" duration-ms="20402">
      <class name="com.test.vendorapplication.VendorApplicationTest">
        <test-method is-config="true" signature="setDriver(org.testng.ITestContext)[pri:0, instance:com.test.vendorapplication.VendorApplicationTest@727eb8cb]" started-at="2025-11-01T07:45:37 GMT" name="setDriver" finished-at="2025-11-01T07:45:43 GMT" duration-ms="6513" status="PASS">
          <params>
            <param index="0">
              <value>
                <![CDATA[org.testng.TestRunner@72437d8d]]>
              </value>
            </param>
          </params>
          <reporter-output>
          </reporter-output>
        </test-method> <!-- setDriver -->
        <test-method is-config="true" signature="initWebDriverOnPages(java.lang.String)[pri:0, instance:com.test.vendorapplication.VendorApplicationTest@727eb8cb]" started-at="2025-11-01T07:45:43 GMT" name="initWebDriverOnPages" finished-at="2025-11-01T07:45:44 GMT" duration-ms="387" status="PASS">
          <params>
            <param index="0">
              <value>
                <![CDATA[test-data/vendor-application-data/sam.json]]>
              </value>
            </param>
          </params>
          <reporter-output>
          </reporter-output>
        </test-method> <!-- initWebDriverOnPages -->
        <test-method signature="loginPage()[pri:0, instance:com.test.vendorapplication.VendorApplicationTest@727eb8cb]" started-at="2025-11-01T07:45:44 GMT" name="loginPage" finished-at="2025-11-01T07:45:46 GMT" duration-ms="2608" status="PASS">
          <reporter-output>
          </reporter-output>
        </test-method> <!-- loginPage -->
        <test-method is-config="true" signature="waitForTestMethods()[pri:0, instance:com.test.vendorapplication.VendorApplicationTest@727eb8cb]" started-at="2025-11-01T07:45:46 GMT" name="waitForTestMethods" finished-at="2025-11-01T07:45:48 GMT" duration-ms="2002" status="PASS">
          <reporter-output>
          </reporter-output>
        </test-method> <!-- waitForTestMethods -->
        <test-method signature="checkDashboardWidgets()[pri:0, instance:com.test.vendorapplication.VendorApplicationTest@727eb8cb]" started-at="2025-11-01T07:45:48 GMT" name="checkDashboardWidgets" finished-at="2025-11-01T07:45:49 GMT" depends-on-methods="com.test.vendorapplication.VendorApplicationTest.loginPage" duration-ms="563" status="PASS">
          <reporter-output>
          </reporter-output>
        </test-method> <!-- checkDashboardWidgets -->
        <test-method is-config="true" signature="waitForTestMethods()[pri:0, instance:com.test.vendorapplication.VendorApplicationTest@727eb8cb]" started-at="2025-11-01T07:45:49 GMT" name="waitForTestMethods" finished-at="2025-11-01T07:45:51 GMT" duration-ms="2000" status="PASS">
          <reporter-output>
          </reporter-output>
        </test-method> <!-- waitForTestMethods -->
        <test-method signature="checkDashboardTable()[pri:0, instance:com.test.vendorapplication.VendorApplicationTest@727eb8cb]" started-at="2025-11-01T07:45:51 GMT" name="checkDashboardTable" finished-at="2025-11-01T07:45:51 GMT" depends-on-methods="com.test.vendorapplication.VendorApplicationTest.checkDashboardWidgets" duration-ms="302" status="PASS">
          <reporter-output>
          </reporter-output>
        </test-method> <!-- checkDashboardTable -->
        <test-method is-config="true" signature="waitForTestMethods()[pri:0, instance:com.test.vendorapplication.VendorApplicationTest@727eb8cb]" started-at="2025-11-01T07:45:51 GMT" name="waitForTestMethods" finished-at="2025-11-01T07:45:53 GMT" duration-ms="2000" status="PASS">
          <reporter-output>
          </reporter-output>
        </test-method> <!-- waitForTestMethods -->
        <test-method signature="logOutSession()[pri:0, instance:com.test.vendorapplication.VendorApplicationTest@727eb8cb]" started-at="2025-11-01T07:45:53 GMT" name="logOutSession" finished-at="2025-11-01T07:45:55 GMT" depends-on-methods="com.test.vendorapplication.VendorApplicationTest.checkDashboardTable" duration-ms="1722" status="PASS">
          <reporter-output>
          </reporter-output>
        </test-method> <!-- logOutSession -->
        <test-method is-config="true" signature="waitForTestMethods()[pri:0, instance:com.test.vendorapplication.VendorApplicationTest@727eb8cb]" started-at="2025-11-01T07:45:55 GMT" name="waitForTestMethods" finished-at="2025-11-01T07:45:57 GMT" duration-ms="2001" status="PASS">
          <reporter-output>
          </reporter-output>
        </test-method> <!-- waitForTestMethods -->
        <test-method is-config="true" signature="quitBrowsers()[pri:0, instance:com.test.vendorapplication.VendorApplicationTest@727eb8cb]" started-at="2025-11-01T07:45:57 GMT" name="quitBrowsers" finished-at="2025-11-01T07:45:57 GMT" duration-ms="151" status="PASS">
          <reporter-output>
          </reporter-output>
        </test-method> <!-- quitBrowsers -->
      </class> <!-- com.test.vendorapplication.VendorApplicationTest -->
    </test> <!-- vendor-portal test-sam -->
    <test started-at="2025-11-01T07:45:37 GMT" name="vendor-portal test-mike" finished-at="2025-11-01T07:46:04 GMT" duration-ms="26742">
      <class name="com.test.vendorapplication.VendorApplicationTest">
        <test-method is-config="true" signature="configInit()[pri:0, instance:com.test.vendorapplication.VendorApplicationTest@6f7923a5]" started-at="2025-11-01T07:45:37 GMT" name="configInit" finished-at="2025-11-01T07:45:37 GMT" duration-ms="42" status="PASS">
          <reporter-output>
          </reporter-output>
        </test-method> <!-- configInit -->
        <test-method is-config="true" signature="setDriver(org.testng.ITestContext)[pri:0, instance:com.test.vendorapplication.VendorApplicationTest@6f7923a5]" started-at="2025-11-01T07:45:37 GMT" name="setDriver" finished-at="2025-11-01T07:45:43 GMT" duration-ms="6576" status="PASS">
          <params>
            <param index="0">
              <value>
                <![CDATA[org.testng.TestRunner@1c481ff2]]>
              </value>
            </param>
          </params>
          <reporter-output>
          </reporter-output>
        </test-method> <!-- setDriver -->
        <test-method is-config="true" signature="initWebDriverOnPages(java.lang.String)[pri:0, instance:com.test.vendorapplication.VendorApplicationTest@6f7923a5]" started-at="2025-11-01T07:45:43 GMT" name="initWebDriverOnPages" finished-at="2025-11-01T07:45:44 GMT" duration-ms="390" status="PASS">
          <params>
            <param index="0">
              <value>
                <![CDATA[test-data/vendor-application-data/mike.json]]>
              </value>
            </param>
          </params>
          <reporter-output>
          </reporter-output>
        </test-method> <!-- initWebDriverOnPages -->
        <test-method signature="loginPage()[pri:0, instance:com.test.vendorapplication.VendorApplicationTest@6f7923a5]" started-at="2025-11-01T07:45:44 GMT" name="loginPage" finished-at="2025-11-01T07:45:47 GMT" duration-ms="2566" status="PASS">
          <reporter-output>
          </reporter-output>
        </test-method> <!-- loginPage -->
        <test-method is-config="true" signature="waitForTestMethods()[pri:0, instance:com.test.vendorapplication.VendorApplicationTest@6f7923a5]" started-at="2025-11-01T07:45:47 GMT" name="waitForTestMethods" finished-at="2025-11-01T07:45:49 GMT" duration-ms="2000" status="PASS">
          <reporter-output>
          </reporter-output>
        </test-method> <!-- waitForTestMethods -->
        <test-method signature="checkDashboardWidgets()[pri:0, instance:com.test.vendorapplication.VendorApplicationTest@6f7923a5]" started-at="2025-11-01T07:45:49 GMT" name="checkDashboardWidgets" finished-at="2025-11-01T07:45:50 GMT" depends-on-methods="com.test.vendorapplication.VendorApplicationTest.loginPage" duration-ms="1369" status="PASS">
          <reporter-output>
          </reporter-output>
        </test-method> <!-- checkDashboardWidgets -->
        <test-method is-config="true" signature="waitForTestMethods()[pri:0, instance:com.test.vendorapplication.VendorApplicationTest@6f7923a5]" started-at="2025-11-01T07:45:50 GMT" name="waitForTestMethods" finished-at="2025-11-01T07:45:52 GMT" duration-ms="2001" status="PASS">
          <reporter-output>
          </reporter-output>
        </test-method> <!-- waitForTestMethods -->
        <test-method signature="checkDashboardTable()[pri:0, instance:com.test.vendorapplication.VendorApplicationTest@6f7923a5]" started-at="2025-11-01T07:45:52 GMT" name="checkDashboardTable" finished-at="2025-11-01T07:45:52 GMT" depends-on-methods="com.test.vendorapplication.VendorApplicationTest.checkDashboardWidgets" duration-ms="492" status="PASS">
          <reporter-output>
          </reporter-output>
        </test-method> <!-- checkDashboardTable -->
        <test-method is-config="true" signature="waitForTestMethods()[pri:0, instance:com.test.vendorapplication.VendorApplicationTest@6f7923a5]" started-at="2025-11-01T07:45:52 GMT" name="waitForTestMethods" finished-at="2025-11-01T07:45:54 GMT" duration-ms="2002" status="PASS">
          <reporter-output>
          </reporter-output>
        </test-method> <!-- waitForTestMethods -->
        <test-method signature="logOutSession()[pri:0, instance:com.test.vendorapplication.VendorApplicationTest@6f7923a5]" started-at="2025-11-01T07:45:54 GMT" name="logOutSession" finished-at="2025-11-01T07:46:01 GMT" depends-on-methods="com.test.vendorapplication.VendorApplicationTest.checkDashboardTable" duration-ms="7067" status="PASS">
          <reporter-output>
          </reporter-output>
        </test-method> <!-- logOutSession -->
        <test-method is-config="true" signature="waitForTestMethods()[pri:0, instance:com.test.vendorapplication.VendorApplicationTest@6f7923a5]" started-at="2025-11-01T07:46:01 GMT" name="waitForTestMethods" finished-at="2025-11-01T07:46:03 GMT" duration-ms="2001" status="PASS">
          <reporter-output>
          </reporter-output>
        </test-method> <!-- waitForTestMethods -->
        <test-method is-config="true" signature="quitBrowsers()[pri:0, instance:com.test.vendorapplication.VendorApplicationTest@6f7923a5]" started-at="2025-11-01T07:46:03 GMT" name="quitBrowsers" finished-at="2025-11-01T07:46:04 GMT" duration-ms="114" status="PASS">
          <reporter-output>
          </reporter-output>
        </test-method> <!-- quitBrowsers -->
      </class> <!-- com.test.vendorapplication.VendorApplicationTest -->
    </test> <!-- vendor-portal test-mike -->
    <test started-at="2025-11-01T07:45:37 GMT" name="vendor-portal test-john" finished-at="2025-11-01T07:46:11 GMT" duration-ms="33791">
      <class name="com.test.vendorapplication.VendorApplicationTest">
        <test-method is-config="true" signature="setDriver(org.testng.ITestContext)[pri:0, instance:com.test.vendorapplication.VendorApplicationTest@8e50104]" started-at="2025-11-01T07:45:37 GMT" name="setDriver" finished-at="2025-11-01T07:45:58 GMT" duration-ms="21344" status="PASS">
          <params>
            <param index="0">
              <value>
                <![CDATA[org.testng.TestRunner@740d2e78]]>
              </value>
            </param>
          </params>
          <reporter-output>
          </reporter-output>
        </test-method> <!-- setDriver -->
        <test-method is-config="true" signature="initWebDriverOnPages(java.lang.String)[pri:0, instance:com.test.vendorapplication.VendorApplicationTest@8e50104]" started-at="2025-11-01T07:45:58 GMT" name="initWebDriverOnPages" finished-at="2025-11-01T07:45:58 GMT" duration-ms="2" status="PASS">
          <params>
            <param index="0">
              <value>
                <![CDATA[test-data/vendor-application-data/john.json]]>
              </value>
            </param>
          </params>
          <reporter-output>
          </reporter-output>
        </test-method> <!-- initWebDriverOnPages -->
        <test-method signature="loginPage()[pri:0, instance:com.test.vendorapplication.VendorApplicationTest@8e50104]" started-at="2025-11-01T07:45:58 GMT" name="loginPage" finished-at="2025-11-01T07:45:59 GMT" duration-ms="671" status="PASS">
          <reporter-output>
          </reporter-output>
        </test-method> <!-- loginPage -->
        <test-method is-config="true" signature="waitForTestMethods()[pri:0, instance:com.test.vendorapplication.VendorApplicationTest@8e50104]" started-at="2025-11-01T07:45:59 GMT" name="waitForTestMethods" finished-at="2025-11-01T07:46:01 GMT" duration-ms="2000" status="PASS">
          <reporter-output>
          </reporter-output>
        </test-method> <!-- waitForTestMethods -->
        <test-method signature="checkDashboardWidgets()[pri:0, instance:com.test.vendorapplication.VendorApplicationTest@8e50104]" started-at="2025-11-01T07:46:01 GMT" name="checkDashboardWidgets" finished-at="2025-11-01T07:46:02 GMT" depends-on-methods="com.test.vendorapplication.VendorApplicationTest.loginPage" duration-ms="1210" status="PASS">
          <reporter-output>
          </reporter-output>
        </test-method> <!-- checkDashboardWidgets -->
        <test-method is-config="true" signature="waitForTestMethods()[pri:0, instance:com.test.vendorapplication.VendorApplicationTest@8e50104]" started-at="2025-11-01T07:46:02 GMT" name="waitForTestMethods" finished-at="2025-11-01T07:46:04 GMT" duration-ms="2001" status="PASS">
          <reporter-output>
          </reporter-output>
        </test-method> <!-- waitForTestMethods -->
        <test-method signature="checkDashboardTable()[pri:0, instance:com.test.vendorapplication.VendorApplicationTest@8e50104]" started-at="2025-11-01T07:46:04 GMT" name="checkDashboardTable" finished-at="2025-11-01T07:46:04 GMT" depends-on-methods="com.test.vendorapplication.VendorApplicationTest.checkDashboardWidgets" duration-ms="306" status="PASS">
          <reporter-output>
          </reporter-output>
        </test-method> <!-- checkDashboardTable -->
        <test-method is-config="true" signature="waitForTestMethods()[pri:0, instance:com.test.vendorapplication.VendorApplicationTest@8e50104]" started-at="2025-11-01T07:46:04 GMT" name="waitForTestMethods" finished-at="2025-11-01T07:46:06 GMT" duration-ms="2000" status="PASS">
          <reporter-output>
          </reporter-output>
        </test-method> <!-- waitForTestMethods -->
        <test-method signature="logOutSession()[pri:0, instance:com.test.vendorapplication.VendorApplicationTest@8e50104]" started-at="2025-11-01T07:46:06 GMT" name="logOutSession" finished-at="2025-11-01T07:46:09 GMT" depends-on-methods="com.test.vendorapplication.VendorApplicationTest.checkDashboardTable" duration-ms="2110" status="PASS">
          <reporter-output>
          </reporter-output>
        </test-method> <!-- logOutSession -->
        <test-method is-config="true" signature="waitForTestMethods()[pri:0, instance:com.test.vendorapplication.VendorApplicationTest@8e50104]" started-at="2025-11-01T07:46:09 GMT" name="waitForTestMethods" finished-at="2025-11-01T07:46:11 GMT" duration-ms="2001" status="PASS">
          <reporter-output>
          </reporter-output>
        </test-method> <!-- waitForTestMethods -->
        <test-method is-config="true" signature="quitBrowsers()[pri:0, instance:com.test.vendorapplication.VendorApplicationTest@8e50104]" started-at="2025-11-01T07:46:11 GMT" name="quitBrowsers" finished-at="2025-11-01T07:46:11 GMT" duration-ms="124" status="PASS">
          <reporter-output>
          </reporter-output>
        </test-method> <!-- quitBrowsers -->
      </class> <!-- com.test.vendorapplication.VendorApplicationTest -->
    </test> <!-- vendor-portal test-john -->
  </suite> <!-- vendor-application-suite -->
</testng-results>
