<?xml version="1.0" encoding="UTF-8"?>
<!-- Generated by org.testng.reporters.JUnitXMLReporter -->
<testsuite ignored="0" hostname="0da6e2444575" failures="0" tests="5" name="flight-booking-test-2 passanger-mike" time="48.459" errors="0" timestamp="2025-10-29T14:06:06 GMT">
  <testcase classname="com.test.flightreserve.BookFlightTicket" name="registrationPage" time="1.143"/>
  <testcase classname="com.test.flightreserve.BookFlightTicket" name="registrationPageConformation" time="0.162"/>
  <testcase classname="com.test.flightreserve.BookFlightTicket" name="flightSearch" time="0.661"/>
  <testcase classname="com.test.flightreserve.BookFlightTicket" name="flightSelect" time="0.232"/>
  <testcase classname="com.test.flightreserve.BookFlightTicket" name="flightConformation" time="0.136"/>
</testsuite> <!-- flight-booking-test-2 passanger-mike -->
