<?xml version="1.0" encoding="UTF-8"?>
<!-- Generated by org.testng.reporters.JUnitXMLReporter -->
<testsuite ignored="0" hostname="0da6e2444575" failures="0" tests="5" name="flight-booking-test-1 passanger-john" time="18.109" errors="0" timestamp="2025-10-29T14:05:36 GMT">
  <testcase classname="com.test.flightreserve.BookFlightTicket" name="registrationPage" time="3.218"/>
  <testcase classname="com.test.flightreserve.BookFlightTicket" name="registrationPageConformation" time="0.151"/>
  <testcase classname="com.test.flightreserve.BookFlightTicket" name="flightSearch" time="0.842"/>
  <testcase classname="com.test.flightreserve.BookFlightTicket" name="flightSelect" time="0.247"/>
  <testcase classname="com.test.flightreserve.BookFlightTicket" name="flightConformation" time="0.187"/>
</testsuite> <!-- flight-booking-test-1 passanger-john -->
