<?xml version="1.0" encoding="UTF-8"?>
<!-- Generated by org.testng.reporters.JUnitXMLReporter -->
<testsuite ignored="0" hostname="0da6e2444575" failures="0" tests="5" name="flight-booking-test-3 passanger-sam" time="35.473" errors="0" timestamp="2025-10-29T14:05:53 GMT">
  <testcase classname="com.test.flightreserve.BookFlightTicket" name="registrationPage" time="1.24"/>
  <testcase classname="com.test.flightreserve.BookFlightTicket" name="registrationPageConformation" time="0.116"/>
  <testcase classname="com.test.flightreserve.BookFlightTicket" name="flightSearch" time="0.866"/>
  <testcase classname="com.test.flightreserve.BookFlightTicket" name="flightSelect" time="0.454"/>
  <testcase classname="com.test.flightreserve.BookFlightTicket" name="flightConformation" time="0.188"/>
</testsuite> <!-- flight-booking-test-3 passanger-sam -->
